number,value,datetime_start,datetime_complete,duration,params_learning_rate_TTA,params_n_steps_TTA,state
0,1.2795991139381098,2025-07-09 16:25:15.537510,2025-07-09 16:26:40.259581,0 days 00:01:24.722071,0.0007221632824322697,15,COMPLETE
1,1.2643065340920108,2025-07-09 16:25:15.539596,2025-07-09 16:25:47.276970,0 days 00:00:31.737374,0.0025699072109771283,4,COMPLETE
2,1.38564380549961,2025-07-09 16:25:15.539980,2025-07-09 16:25:47.162521,0 days 00:00:31.622541,4.298379198640745e-05,3,COMPLETE
3,1.3820868903673813,2025-07-09 16:25:15.539980,2025-07-09 16:26:05.520309,0 days 00:00:49.980329,3.21479959038535e-05,8,COMPLETE
4,1.3752366540066987,2025-07-09 16:25:47.162521,2025-07-09 16:28:28.089149,0 days 00:02:40.926628,2.1853229860883453e-05,18,COMPLETE
5,1.5628332812248817,2025-07-09 16:25:47.295160,2025-07-09 16:27:36.489516,0 days 00:01:49.194356,0.0038175886966883487,17,COMPLETE
6,1.9262859134899368,2025-07-09 16:26:05.520309,2025-07-09 16:27:14.030660,0 days 00:01:08.510351,0.032329110065570724,11,COMPLETE
7,1.7107110957342968,2025-07-09 16:26:40.259581,2025-07-09 16:27:24.593526,0 days 00:00:44.333945,0.021530006030908194,7,COMPLETE
8,1.271621351226421,2025-07-09 16:27:14.047406,2025-07-09 16:27:58.848741,0 days 00:00:44.801335,0.00143130476880323,7,COMPLETE
9,1.3193021837196355,2025-07-09 16:27:24.593526,2025-07-09 16:28:17.492614,0 days 00:00:52.899088,0.0032961141534300496,9,COMPLETE
10,1.274611028999476,2025-07-09 16:27:36.489516,2025-07-09 16:29:29.618144,0 days 00:01:53.128628,0.00033433522408769345,18,COMPLETE
11,1.2802904839657512,2025-07-09 16:27:58.848896,2025-07-09 16:28:39.984765,0 days 00:00:41.135869,0.004127178581323579,6,COMPLETE
12,1.7192891080070154,2025-07-09 16:28:17.492614,2025-07-09 16:29:26.185934,0 days 00:01:08.693320,0.012291708008021237,11,COMPLETE
13,1.3850681630584352,2025-07-09 16:28:28.089149,2025-07-09 16:28:45.599686,0 days 00:00:17.510537,0.00017530348854968858,1,COMPLETE
14,1.3834765689718527,2025-07-09 16:28:40.001553,2025-07-09 16:28:55.456771,0 days 00:00:15.455218,0.0002595461840553063,1,COMPLETE
15,1.3494898917971287,2025-07-09 16:28:45.599686,2025-07-09 16:29:26.302435,0 days 00:00:40.702749,0.0004563940627543466,4,COMPLETE
16,1.2896129520369004,2025-07-09 16:28:55.456771,2025-07-09 16:29:35.882396,0 days 00:00:40.425625,0.0009995912701503875,5,COMPLETE
17,1.3238053141449218,2025-07-09 16:29:26.185934,2025-07-09 16:29:56.960431,0 days 00:00:30.774497,0.000843255942278119,4,COMPLETE
18,1.8965414345657234,2025-07-09 16:29:26.302435,2025-07-09 16:30:16.868616,0 days 00:00:50.566181,0.07293819438862006,5,COMPLETE
19,1.2589227667728013,2025-07-09 16:29:29.618144,2025-07-09 16:30:06.672327,0 days 00:00:37.054183,0.001914596755508569,5,COMPLETE
20,1.2874022821738076,2025-07-09 16:29:35.882396,2025-07-09 16:31:04.069442,0 days 00:01:28.187046,0.0020575020090593307,13,COMPLETE
21,1.9555079720324424,2025-07-09 16:29:56.960431,2025-07-09 16:31:17.850724,0 days 00:01:20.890293,0.09166747973330572,14,COMPLETE
22,1.9598615040623952,2025-07-09 16:30:06.689041,2025-07-09 16:31:27.148638,0 days 00:01:20.459597,0.060385382167961466,13,COMPLETE
23,1.3523380094812198,2025-07-09 16:30:16.868616,2025-07-09 16:32:19.326108,0 days 00:02:02.457492,0.00010042958890095354,13,COMPLETE
24,1.4907483590950168,2025-07-09 16:31:04.069442,2025-07-09 16:32:11.363232,0 days 00:01:07.293790,0.009274117333051314,9,COMPLETE
25,1.5568493030738926,2025-07-09 16:31:17.866870,2025-07-09 16:32:14.512073,0 days 00:00:56.645203,0.0095812310556309,9,COMPLETE
26,1.5243248502621827,2025-07-09 16:31:27.148638,2025-07-09 16:32:22.792561,0 days 00:00:55.643923,0.00901616912314631,9,COMPLETE
27,1.3060239494464787,2025-07-09 16:32:11.379299,2025-07-09 16:32:40.386595,0 days 00:00:29.007296,0.0019012701961337313,3,COMPLETE
28,1.3814909644565545,2025-07-09 16:32:14.512073,2025-07-09 16:32:41.352909,0 days 00:00:26.840836,0.00011713084513588616,3,COMPLETE
29,1.2872992479412584,2025-07-09 16:32:19.326925,2025-07-09 16:32:50.533259,0 days 00:00:31.206334,0.001926357968191416,3,COMPLETE
30,1.2802095642998899,2025-07-09 16:32:22.792561,2025-07-09 16:32:50.107610,0 days 00:00:27.315049,0.0021996522950637767,3,COMPLETE
31,1.270615265602398,2025-07-09 16:32:40.386595,2025-07-09 16:33:31.090008,0 days 00:00:50.703413,0.002136392526815987,7,COMPLETE
32,1.258991368997012,2025-07-09 16:32:41.352909,2025-07-09 16:33:20.356398,0 days 00:00:39.003489,0.0021576852002190543,6,COMPLETE
33,1.3106884832756984,2025-07-09 16:32:50.111604,2025-07-09 16:33:34.435025,0 days 00:00:44.323421,0.000544610775975726,7,COMPLETE
34,1.2737554889412028,2025-07-09 16:32:50.549906,2025-07-09 16:34:51.775426,0 days 00:02:01.225520,0.00048685434373118224,20,COMPLETE
35,1.3126503565267509,2025-07-09 16:33:20.356398,2025-07-09 16:34:06.138147,0 days 00:00:45.781749,0.0005549844592247534,7,COMPLETE
36,1.3134496121942516,2025-07-09 16:33:31.090008,2025-07-09 16:34:19.086740,0 days 00:00:47.996732,0.0005350775726822503,6,COMPLETE
37,1.275144971996672,2025-07-09 16:33:34.435025,2025-07-09 16:34:17.520629,0 days 00:00:43.085604,0.005094503827296786,6,COMPLETE
38,1.2683613354240748,2025-07-09 16:34:06.138147,2025-07-09 16:34:35.880829,0 days 00:00:29.742682,0.0044993981861477135,5,COMPLETE
39,1.288207011765629,2025-07-09 16:34:17.520629,2025-07-09 16:34:43.278218,0 days 00:00:25.757589,0.0012412461666401683,5,COMPLETE
